<!DOCTYPE html PUBLIC "-//W3C//DTD XHTML 1.1//EN" "http://www.w3.org/TR/xhtml11/DTD/xhtml11.dtd">
<html xmlns="http://www.w3.org/1999/xhtml">
<head>
<meta http-equiv="content-type" content="text/html; charset=UTF-8"/>
<title>TestNG Report</title>
<style type="text/css">table {margin-bottom:10px;border-collapse:collapse;empty-cells:show}th,td {border:1px solid #009;padding:.25em .5em}th {vertical-align:bottom}td {vertical-align:top}table a {font-weight:bold}.stripe td {background-color: #E6EBF9}.num {text-align:right}.passedodd td {background-color: #3F3}.passedeven td {background-color: #0A0}.skippedodd td {background-color: #DDD}.skippedeven td {background-color: #CCC}.failedodd td,.attn {background-color: #F33}.failedeven td,.stripe .attn {background-color: #D00}.stacktrace {white-space:pre;font-family:monospace}.totop {font-size:85%;text-align:center;border-bottom:2px solid #000}.invisible {display:none}</style>
</head>
<body>
<table>
<tr><th>Test</th><th># Passed</th><th># Skipped</th><th># Retried</th><th># Failed</th><th>Time (ms)</th><th>Included Groups</th><th>Excluded Groups</th></tr>
<tr><th colspan="7">FashiongoTestsuite</th></tr>
<tr><td><a href="#t0">LoginpageTest</a></td><td class="num">2</td><td class="num">0</td><td class="num">0</td><td class="num attn">2</td><td class="num">104,556</td><td></td><td></td></tr>
<tr class="stripe"><td><a href="#t1">HeadersectionTest</a></td><td class="num">3</td><td class="num">0</td><td class="num">0</td><td class="num">0</td><td class="num">41,212</td><td></td><td></td></tr>
<tr><th>Total</th><th class="num">5</th><th class="num">0</th><th class="num">0</th><th class="num attn">2</th><th class="num">145,768</th><th colspan="2"></th></tr>
</table>
<table id='summary'><thead><tr><th>Class</th><th>Method</th><th>Start</th><th>Time (ms)</th></tr></thead><tbody><tr><th colspan="4">FashiongoTestsuite</th></tr></tbody><tbody id="t0"><tr><th colspan="4">LoginpageTest &#8212; failed</th></tr><tr class="failedeven"><td rowspan="2">com.ktpl.testcases.LoginpageTest</td><td><a href="#m0">CreateaccountlinkTest</a></td><td rowspan="1">1582727622814</td><td rowspan="1">1125</td></tr><tr class="failedeven"><td><a href="#m1">CustomerloginTest</a></td><td rowspan="1">1582727574176</td><td rowspan="1">684</td></tr><tr><th colspan="4">LoginpageTest &#8212; passed</th></tr><tr class="passedeven"><td rowspan="2">com.ktpl.testcases.LoginpageTest</td><td><a href="#m2">LoginpagetitleTest</a></td><td rowspan="1">1582727548932</td><td rowspan="1">748</td></tr><tr class="passedeven"><td><a href="#m3">forgotpasswordlinkTest</a></td><td rowspan="1">1582727596171</td><td rowspan="1">2882</td></tr></tbody>
<tbody id="t1"><tr><th colspan="4">HeadersectionTest &#8212; passed</th></tr><tr class="passedeven"><td rowspan="3">com.ktpl.testcases.HeadersectionTest</td><td><a href="#m4">MyaccounticonTest</a></td><td rowspan="1">1582727666631</td><td rowspan="1">166</td></tr><tr class="passedeven"><td><a href="#m5">hearderpromotextTest</a></td><td rowspan="1">1582727666510</td><td rowspan="1">111</td></tr><tr class="passedeven"><td><a href="#m6">storelogotest</a></td><td rowspan="1">1582727666153</td><td rowspan="1">343</td></tr></tbody>
</table>
<h2>LoginpageTest</h2><h3 id="m0">com.ktpl.testcases.LoginpageTest#CreateaccountlinkTest</h3><table class="result"><tr><th>Exception</th></tr><tr><td><div class="stacktrace">org.openqa.selenium.ElementClickInterceptedException: element click intercepted: Element &lt;a href=&quot;https://fashiongo.solution.magentoprojects.net/customer/account/create/&quot; class=&quot;action create primary&quot;&gt;...&lt;/a&gt; is not clickable at point (823, 568). Other element would receive the click: &lt;div class=&quot;modal-inner-wrap&quot; data-role=&quot;focusable-scope&quot;&gt;...&lt;/div&gt;
  (Session info: chrome=79.0.3945.130)
Build info: version: &apos;3.141.59&apos;, revision: &apos;e82be7d358&apos;, time: &apos;2018-11-14T08:17:03&apos;
System info: host: &apos;RAMMOHANN-PC&apos;, ip: &apos;10.16.16.203&apos;, os.name: &apos;Windows 10&apos;, os.arch: &apos;amd64&apos;, os.version: &apos;10.0&apos;, java.version: &apos;1.8.0_72&apos;
Driver info: org.openqa.selenium.chrome.ChromeDriver
Capabilities {acceptInsecureCerts: false, browserName: chrome, browserVersion: 79.0.3945.130, chrome: {chromedriverVersion: 79.0.3945.36 (3582db32b3389..., userDataDir: C:\Users\RAMMOH~1.NIM\AppDa...}, goog:chromeOptions: {debuggerAddress: localhost:50241}, javascriptEnabled: true, networkConnectionEnabled: false, pageLoadStrategy: normal, platform: WINDOWS, platformName: WINDOWS, proxy: Proxy(), setWindowRect: true, strictFileInteractability: false, timeouts: {implicit: 0, pageLoad: 300000, script: 30000}, unhandledPromptBehavior: dismiss and notify}
Session ID: 2f5c996603e4931cf83f980ed4d6c5e0
	at org.openqa.selenium.remote.http.W3CHttpResponseCodec.createException(W3CHttpResponseCodec.java:187)
	at org.openqa.selenium.remote.http.W3CHttpResponseCodec.decode(W3CHttpResponseCodec.java:122)
	at org.openqa.selenium.remote.http.W3CHttpResponseCodec.decode(W3CHttpResponseCodec.java:49)
	at org.openqa.selenium.remote.HttpCommandExecutor.execute(HttpCommandExecutor.java:158)
	at org.openqa.selenium.remote.service.DriverCommandExecutor.execute(DriverCommandExecutor.java:83)
	at org.openqa.selenium.remote.RemoteWebDriver.execute(RemoteWebDriver.java:552)
	at org.openqa.selenium.remote.RemoteWebElement.execute(RemoteWebElement.java:285)
	at org.openqa.selenium.remote.RemoteWebElement.click(RemoteWebElement.java:84)
	at org.openqa.selenium.support.pagefactory.internal.LocatingElementHandler.invoke(LocatingElementHandler.java:51)
	at com.sun.proxy.$Proxy11.click(Unknown Source)
	at com.ktpl.pages.Loginpage.clickonCreateAccountLink(Loginpage.java:37)
	at com.ktpl.testcases.LoginpageTest.CreateaccountlinkTest(LoginpageTest.java:70)
	at java.util.ArrayList.forEach(Unknown Source)
	at java.util.concurrent.FutureTask.run(Unknown Source)
	at java.util.concurrent.ThreadPoolExecutor.runWorker(Unknown Source)
	at java.util.concurrent.ThreadPoolExecutor$Worker.run(Unknown Source)
	at java.lang.Thread.run(Unknown Source)
... Removed 26 stack frames</div></td></tr></table><p class="totop"><a href="#summary">back to summary</a></p>
<h3 id="m1">com.ktpl.testcases.LoginpageTest#CustomerloginTest</h3><table class="result"><tr><th>Exception</th></tr><tr><td><div class="stacktrace">java.lang.AssertionError: login is not sucessfull expected [Home Page] but found [Customer Login]
	at com.ktpl.testcases.LoginpageTest.CustomerloginTest(LoginpageTest.java:54)
	at java.util.ArrayList.forEach(Unknown Source)
	at java.util.concurrent.FutureTask.run(Unknown Source)
	at java.util.concurrent.ThreadPoolExecutor.runWorker(Unknown Source)
	at java.util.concurrent.ThreadPoolExecutor$Worker.run(Unknown Source)
	at java.lang.Thread.run(Unknown Source)
... Removed 22 stack frames</div></td></tr></table><p class="totop"><a href="#summary">back to summary</a></p>
<h3 id="m2">com.ktpl.testcases.LoginpageTest#LoginpagetitleTest</h3><table class="result"><tr><th class="invisible"/></tr></table><p class="totop"><a href="#summary">back to summary</a></p>
<h3 id="m3">com.ktpl.testcases.LoginpageTest#forgotpasswordlinkTest</h3><table class="result"><tr><th class="invisible"/></tr></table><p class="totop"><a href="#summary">back to summary</a></p>
<h2>HeadersectionTest</h2><h3 id="m4">com.ktpl.testcases.HeadersectionTest#MyaccounticonTest</h3><table class="result"><tr><th class="invisible"/></tr></table><p class="totop"><a href="#summary">back to summary</a></p>
<h3 id="m5">com.ktpl.testcases.HeadersectionTest#hearderpromotextTest</h3><table class="result"><tr><th class="invisible"/></tr></table><p class="totop"><a href="#summary">back to summary</a></p>
<h3 id="m6">com.ktpl.testcases.HeadersectionTest#storelogotest</h3><table class="result"><tr><th class="invisible"/></tr></table><p class="totop"><a href="#summary">back to summary</a></p>
</body>
</html>
